<?xml version="1.0" encoding="UTF-8"?>
<!-- Generated by org.testng.reporters.JUnitXMLReporter -->
<testsuite hostname="DESKTOP-CJD0JJO" failures="1" tests="1" name="ChromeTest" time="40.146" errors="0" timestamp="2 May 2019 05:36:15 GMT">
  <testcase classname="VtigerOrganizationRecord.OrganizationRecord" name="createRecord" time="20.306">
    <failure type="java.lang.Error" message="Unresolved compilation problem: 
	WorkbookFactory cannot be resolved
">
      <![CDATA[java.lang.Error: Unresolved compilation problem: 
	WorkbookFactory cannot be resolved

	at commonLibraries.FileUtils.getExcelData(FileUtils.java:37)
	at VtigerOrganizationRecord.OrganizationRecord.createRecord(OrganizationRecord.java:33)
	at java.base/java.util.concurrent.FutureTask.run(Unknown Source)
	at java.base/java.util.concurrent.ThreadPoolExecutor.runWorker(Unknown Source)
	at java.base/java.util.concurrent.ThreadPoolExecutor$Worker.run(Unknown Source)
	at java.base/java.lang.Thread.run(Unknown Source)
... Removed 16 stack frames]]>
    </failure>
  </testcase> <!-- createRecord -->
</testsuite> <!-- ChromeTest -->
