<?xml version="1.0" encoding="UTF-8"?>
<!-- Generated by org.testng.reporters.JUnitXMLReporter -->
<testsuite hostname="DESKTOP-CJD0JJO" failures="2" tests="2" name="Test" time="287.099" errors="0" timestamp="2 May 2019 07:10:10 GMT">
  <testcase classname="VtigerOrganizationRecord.OrganizationRecord" name="createRecord" time="54.956">
    <failure type="java.lang.Error" message="Unresolved compilation problem: 
	WorkbookFactory cannot be resolved
">
      <![CDATA[java.lang.Error: Unresolved compilation problem: 
	WorkbookFactory cannot be resolved

	at commonLibraries.FileUtils.getExcelData(FileUtils.java:37)
	at VtigerOrganizationRecord.OrganizationRecord.createRecord(OrganizationRecord.java:35)
... Removed 24 stack frames]]>
    </failure>
  </testcase> <!-- createRecord -->
  <testcase classname="VtigerProject.CreateLeadRecord" name="createLead" time="12.876">
    <failure type="java.lang.Error" message="Unresolved compilation problem: 
	WorkbookFactory cannot be resolved
">
      <![CDATA[java.lang.Error: Unresolved compilation problem: 
	WorkbookFactory cannot be resolved

	at commonLibraries.FileUtils.getExcelData(FileUtils.java:37)
	at VtigerProject.CreateLeadRecord.createLead(CreateLeadRecord.java:34)
... Removed 24 stack frames]]>
    </failure>
  </testcase> <!-- createLead -->
</testsuite> <!-- Test -->
