<?xml version="1.0" encoding="UTF-8"?>
<testng-results total="1" passed="0" failed="0" skipped="1">
  <reporter-output>
  </reporter-output>
  <suite started-at="2019-07-22T15:12:07Z" name="Default suite" finished-at="2019-07-22T15:12:07Z" duration-ms="133">
    <groups>
      <group name="smoke test">
        <method signature="OrganizationRecord.createRecord()[pri:0, instance:VtigerOrganizationRecord.OrganizationRecord@1d8bd0de]" name="createRecord" class="VtigerOrganizationRecord.OrganizationRecord"/>
      </group> <!-- smoke test -->
    </groups>
    <test started-at="2019-07-22T15:12:07Z" name="Default test" finished-at="2019-07-22T15:12:07Z" duration-ms="133">
      <class name="VtigerOrganizationRecord.OrganizationRecord">
        <test-method is-config="true" signature="openBrowser(java.lang.String)[pri:0, instance:VtigerOrganizationRecord.OrganizationRecord@1d8bd0de]" started-at="2019-07-22T20:42:07Z" name="openBrowser" finished-at="2019-07-22T20:42:07Z" duration-ms="0" status="FAIL">
          <exception class="org.testng.TestNGException">
            <message>
              <![CDATA[
Parameter 'browser' is required by @Configuration on method openBrowser but has not been marked @Optional or defined
in C:\Users\Admin\AppData\Local\Temp\testng-eclipse-1575142103\testng-customsuite.xml]]>
            </message>
            <full-stacktrace>
              <![CDATA[org.testng.TestNGException: 
Parameter 'browser' is required by @Configuration on method openBrowser but has not been marked @Optional or defined
in C:\Users\Admin\AppData\Local\Temp\testng-eclipse-1575142103\testng-customsuite.xml
	at org.testng.internal.Parameters.createParameters(Parameters.java:155)
	at org.testng.internal.Parameters.createParameters(Parameters.java:355)
	at org.testng.internal.Parameters.createConfigurationParameters(Parameters.java:86)
	at org.testng.internal.Invoker.invokeConfigurations(Invoker.java:199)
	at org.testng.internal.Invoker.invokeConfigurations(Invoker.java:138)
	at org.testng.internal.TestMethodWorker.invokeBeforeClassMethods(TestMethodWorker.java:175)
	at org.testng.internal.TestMethodWorker.run(TestMethodWorker.java:107)
	at org.testng.TestRunner.privateRun(TestRunner.java:767)
	at org.testng.TestRunner.run(TestRunner.java:617)
	at org.testng.SuiteRunner.runTest(SuiteRunner.java:334)
	at org.testng.SuiteRunner.runSequentially(SuiteRunner.java:329)
	at org.testng.SuiteRunner.privateRun(SuiteRunner.java:291)
	at org.testng.SuiteRunner.run(SuiteRunner.java:240)
	at org.testng.SuiteRunnerWorker.runSuite(SuiteRunnerWorker.java:52)
	at org.testng.SuiteRunnerWorker.run(SuiteRunnerWorker.java:86)
	at org.testng.TestNG.runSuitesSequentially(TestNG.java:1198)
	at org.testng.TestNG.runSuitesLocally(TestNG.java:1123)
	at org.testng.TestNG.run(TestNG.java:1031)
	at org.testng.remote.AbstractRemoteTestNG.run(AbstractRemoteTestNG.java:115)
	at org.testng.remote.RemoteTestNG.initAndRun(RemoteTestNG.java:251)
	at org.testng.remote.RemoteTestNG.main(RemoteTestNG.java:77)
]]>
            </full-stacktrace>
          </exception> <!-- org.testng.TestNGException -->
          <reporter-output>
          </reporter-output>
        </test-method> <!-- openBrowser -->
        <test-method is-config="true" signature="login()[pri:0, instance:VtigerOrganizationRecord.OrganizationRecord@1d8bd0de]" started-at="2019-07-22T20:42:07Z" name="login" finished-at="2019-07-22T20:42:07Z" duration-ms="0" status="SKIP">
          <reporter-output>
          </reporter-output>
        </test-method> <!-- login -->
        <test-method signature="createRecord()[pri:0, instance:VtigerOrganizationRecord.OrganizationRecord@1d8bd0de]" started-at="2019-07-22T20:42:07Z" name="createRecord" finished-at="2019-07-22T20:42:07Z" duration-ms="6" status="SKIP">
          <reporter-output>
          </reporter-output>
        </test-method> <!-- createRecord -->
        <test-method is-config="true" signature="logout()[pri:0, instance:VtigerOrganizationRecord.OrganizationRecord@1d8bd0de]" started-at="2019-07-22T20:42:07Z" name="logout" finished-at="2019-07-22T20:42:07Z" duration-ms="0" status="SKIP">
          <reporter-output>
          </reporter-output>
        </test-method> <!-- logout -->
        <test-method is-config="true" signature="closeBrowswer()[pri:0, instance:VtigerOrganizationRecord.OrganizationRecord@1d8bd0de]" started-at="2019-07-22T20:42:07Z" name="closeBrowswer" finished-at="2019-07-22T20:42:07Z" duration-ms="0" status="SKIP">
          <reporter-output>
          </reporter-output>
        </test-method> <!-- closeBrowswer -->
      </class> <!-- VtigerOrganizationRecord.OrganizationRecord -->
    </test> <!-- Default test -->
  </suite> <!-- Default suite -->
</testng-results>
