<?xml version="1.0" encoding="UTF-8"?>
<!-- Generated by org.testng.reporters.JUnitXMLReporter -->
<testsuite hostname="DESKTOP-CJD0JJO" failures="0" tests="2" name="ChromeTest" time="0.15" errors="0" timestamp="8 Apr 2019 07:32:09 GMT">
  <testcase classname="VtigerOrganizationRecord.OrganizationRecord" name="@BeforeClass openBrowser" time="0.0">
    <failure type="java.lang.NullPointerException">
      <![CDATA[java.lang.NullPointerException
	at commonLibraries.BaseClass.openBrowser(BaseClass.java:29)
... Removed 24 stack frames]]>
    </failure>
  </testcase> <!-- @BeforeClass openBrowser -->
  <testcase classname="VtigerOrganizationRecord.OrganizationRecord" name="@BeforeMethod login" time="0.0">
    <skipped/>
  </testcase> <!-- @BeforeMethod login -->
  <testcase classname="VtigerOrganizationRecord.OrganizationRecord" name="@AfterMethod logout" time="0.0">
    <skipped/>
  </testcase> <!-- @AfterMethod logout -->
  <testcase classname="VtigerOrganizationRecord.OrganizationRecord" name="@AfterClass closeBrowswer" time="0.0">
    <skipped/>
  </testcase> <!-- @AfterClass closeBrowswer -->
  <testcase classname="VtigerProject.CreateLeadRecord" name="@BeforeClass openBrowser" time="0.013">
    <skipped/>
  </testcase> <!-- @BeforeClass openBrowser -->
  <testcase classname="VtigerProject.CreateLeadRecord" name="@BeforeMethod login" time="0.0">
    <skipped/>
  </testcase> <!-- @BeforeMethod login -->
  <testcase classname="VtigerProject.CreateLeadRecord" name="@AfterMethod logout" time="0.0">
    <skipped/>
  </testcase> <!-- @AfterMethod logout -->
  <testcase classname="VtigerProject.CreateLeadRecord" name="@AfterClass closeBrowswer" time="0.0">
    <skipped/>
  </testcase> <!-- @AfterClass closeBrowswer -->
  <testcase classname="VtigerOrganizationRecord.OrganizationRecord" name="createRecord" time="0.003">
    <skipped/>
  </testcase> <!-- createRecord -->
  <testcase classname="VtigerProject.CreateLeadRecord" name="createLead" time="0.0">
    <skipped/>
  </testcase> <!-- createLead -->
</testsuite> <!-- ChromeTest -->
